<<<<<<< HEAD
﻿Build started 26.5.2017 13:49:59.
     1>Project "C:\ra127-2014\lprs2\projekat\super_mario\bc_mem_packer\battle_mem\battle_mem.vcxproj" on node 2 (build target(s)).
     1>InitializeBuildStatus:
         Creating "Debug\battle_mem.unsuccessfulbuild" because "AlwaysCreate" was specified.
       ClCompile:
         All outputs are up-to-date.
       Link:
         All outputs are up-to-date.
         battle_mem.vcxproj -> C:\ra127-2014\lprs2\projekat\super_mario\bc_mem_packer\battle_mem\Debug\battle_mem.exe
       FinalizeBuildStatus:
         Deleting file "Debug\battle_mem.unsuccessfulbuild".
         Touching "Debug\battle_mem.lastbuildstate".
     1>Done Building Project "C:\ra127-2014\lprs2\projekat\super_mario\bc_mem_packer\battle_mem\battle_mem.vcxproj" (build target(s)).

Build succeeded.

Time Elapsed 00:00:00.77
=======
﻿Build started 19.5.2017 10:09:06.
     1>Project "C:\Users\student.DOMAIN\Desktop\RA210_2014\LPRS2\super_mario\bc_mem_packer\battle_mem\battle_mem.vcxproj" on node 2 (build target(s)).
     1>InitializeBuildStatus:
         Creating "Debug\battle_mem.unsuccessfulbuild" because "AlwaysCreate" was specified.
       ClCompile:
         C:\Program Files (x86)\Microsoft Visual Studio 10.0\VC\bin\CL.exe /c /ZI /nologo /W3 /WX- /Od /Oy- /D _MBCS /Gm /EHsc /RTC1 /MDd /GS /fp:precise /Zc:wchar_t /Zc:forScope /Fo"Debug\\" /Fd"Debug\vc100.pdb" /Gd /TP /analyze- /errorReport:prompt tools.cpp
         tools.cpp
     1>c:\users\student.domain\desktop\ra210_2014\lprs2\super_mario\bc_mem_packer\battle_mem\tools.cpp(15): warning C4018: '<' : signed/unsigned mismatch
     1>c:\users\student.domain\desktop\ra210_2014\lprs2\super_mario\bc_mem_packer\battle_mem\tools.cpp(21): warning C4018: '<' : signed/unsigned mismatch
     1>c:\users\student.domain\desktop\ra210_2014\lprs2\super_mario\bc_mem_packer\battle_mem\tools.cpp(43): warning C4018: '<' : signed/unsigned mismatch
     1>c:\users\student.domain\desktop\ra210_2014\lprs2\super_mario\bc_mem_packer\battle_mem\tools.cpp(35): warning C4101: 'mask' : unreferenced local variable
     1>c:\users\student.domain\desktop\ra210_2014\lprs2\super_mario\bc_mem_packer\battle_mem\tools.cpp(36): warning C4101: 'bit' : unreferenced local variable
     1>c:\users\student.domain\desktop\ra210_2014\lprs2\super_mario\bc_mem_packer\battle_mem\tools.cpp(154): warning C4101: 'y' : unreferenced local variable
       Link:
         C:\Program Files (x86)\Microsoft Visual Studio 10.0\VC\bin\link.exe /ERRORREPORT:PROMPT /OUT:"C:\Users\student.DOMAIN\Desktop\RA210_2014\LPRS2\super_mario\bc_mem_packer\battle_mem\Debug\battle_mem.exe" /NOLOGO kernel32.lib user32.lib gdi32.lib winspool.lib comdlg32.lib advapi32.lib shell32.lib ole32.lib oleaut32.lib uuid.lib odbc32.lib odbccp32.lib /MANIFEST /ManifestFile:"Debug\battle_mem.exe.intermediate.manifest" /MANIFESTUAC:"level='asInvoker' uiAccess='false'" /DEBUG /PDB:"C:\Users\student.DOMAIN\Desktop\RA210_2014\LPRS2\super_mario\bc_mem_packer\battle_mem\Debug\battle_mem.pdb" /TLBID:1 /DYNAMICBASE /NXCOMPAT /IMPLIB:"C:\Users\student.DOMAIN\Desktop\RA210_2014\LPRS2\super_mario\bc_mem_packer\battle_mem\Debug\battle_mem.lib" /MACHINE:X86 Debug\bitmap.obj
         Debug\main.obj
         Debug\tools.obj
         LINK : C:\Users\student.DOMAIN\Desktop\RA210_2014\LPRS2\super_mario\bc_mem_packer\battle_mem\Debug\battle_mem.exe not found or not built by the last incremental link; performing full link
         battle_mem.vcxproj -> C:\Users\student.DOMAIN\Desktop\RA210_2014\LPRS2\super_mario\bc_mem_packer\battle_mem\Debug\battle_mem.exe
       Manifest:
         C:\Program Files (x86)\Microsoft SDKs\Windows\v7.0A\bin\mt.exe /nologo /verbose /outputresource:"C:\Users\student.DOMAIN\Desktop\RA210_2014\LPRS2\super_mario\bc_mem_packer\battle_mem\Debug\battle_mem.exe;#1" /manifest Debug\battle_mem.exe.intermediate.manifest
       FinalizeBuildStatus:
         Deleting file "Debug\battle_mem.unsuccessfulbuild".
         Touching "Debug\battle_mem.lastbuildstate".
     1>Done Building Project "C:\Users\student.DOMAIN\Desktop\RA210_2014\LPRS2\super_mario\bc_mem_packer\battle_mem\battle_mem.vcxproj" (build target(s)).

Build succeeded.

Time Elapsed 00:00:00.62
>>>>>>> fa8f9e852a9f5d2bca40f1d1746844b3ad23202c
