Build started 16.5.2017 11:45:50.
     1>Project "C:\ra127-2014\lprs2\projekat\super_mario\bc_mem_packer\battle_mem\battle_mem.vcxproj" on node 2 (rebuild target(s)).
     1>_PrepareForClean:
         Deleting file "Release\battle_mem.lastbuildstate".
       InitializeBuildStatus:
         Creating "Release\battle_mem.unsuccessfulbuild" because "AlwaysCreate" was specified.
       ClCompile:
         C:\Program Files (x86)\Microsoft Visual Studio 10.0\VC\bin\CL.exe /c /Zi /nologo /W1 /WX- /O2 /Oi /Oy- /GL /D _MBCS /Gm- /EHsc /MD /GS /Gy /fp:precise /Zc:wchar_t /Zc:forScope /Fo"Release\\" /Fd"Release\vc100.pdb" /Gd /TP /analyze- /errorReport:prompt bitmap.cpp main.cpp tools.cpp
         bitmap.cpp
         main.cpp
         tools.cpp
       Link:
         C:\Program Files (x86)\Microsoft Visual Studio 10.0\VC\bin\link.exe /ERRORREPORT:PROMPT /OUT:"C:\ra127-2014\lprs2\projekat\super_mario\bc_mem_packer\battle_mem\\battle_mem.exe" /NOLOGO kernel32.lib user32.lib gdi32.lib winspool.lib comdlg32.lib advapi32.lib shell32.lib ole32.lib oleaut32.lib uuid.lib odbc32.lib odbccp32.lib /MANIFEST /ManifestFile:"Release\battle_mem.exe.intermediate.manifest" /MANIFESTUAC:"level='asInvoker' uiAccess='false'" /PDB:"C:\ra127-2014\lprs2\projekat\super_mario\bc_mem_packer\battle_mem\battle_mem.pdb" /OPT:REF /OPT:ICF /LTCG /TLBID:1 /DYNAMICBASE /NXCOMPAT /IMPLIB:"C:\ra127-2014\lprs2\projekat\super_mario\bc_mem_packer\battle_mem\\battle_mem.lib" /MACHINE:X86 Release\bitmap.obj
         Release\main.obj
         Release\tools.obj
         Generating code
         Finished generating code
         battle_mem.vcxproj -> C:\ra127-2014\lprs2\projekat\super_mario\bc_mem_packer\battle_mem\\battle_mem.exe
       Manifest:
         C:\Program Files (x86)\Microsoft SDKs\Windows\v7.0A\bin\mt.exe /nologo /verbose /outputresource:"C:\ra127-2014\lprs2\projekat\super_mario\bc_mem_packer\battle_mem\\battle_mem.exe;#1" /manifest Release\battle_mem.exe.intermediate.manifest
       FinalizeBuildStatus:
         Deleting file "Release\battle_mem.unsuccessfulbuild".
         Touching "Release\battle_mem.lastbuildstate".
     1>Done Building Project "C:\ra127-2014\lprs2\projekat\super_mario\bc_mem_packer\battle_mem\battle_mem.vcxproj" (rebuild target(s)).

Build succeeded.

Time Elapsed 00:00:02.24
